Watching for file changes with StatReloader
Performing system checks...

System check identified some issues:

WARNINGS:
todos.Todo: (models.W042) Auto-created primary key used when not defining a primary key type, by default 'django.db.models.AutoField'.
	HINT: Configure the DEFAULT_AUTO_FIELD setting or the TodosConfig.default_auto_field attribute to point to a subclass of AutoField, e.g. 'django.db.models.BigAutoField'.

System check identified 1 issue (0 silenced).
April 11, 2023 - 20:19:23
Django version 4.2, using settings 'todoApp.settings'
Starting development server at http://0.0.0.0:8000/
Quit the server with CONTROL-C.

[11/Apr/2023 20:19:28] "GET /todos/ HTTP/1.1" 200 3515
Watching for file changes with StatReloader
Performing system checks...

System check identified some issues:

WARNINGS:
todos.Todo: (models.W042) Auto-created primary key used when not defining a primary key type, by default 'django.db.models.AutoField'.
	HINT: Configure the DEFAULT_AUTO_FIELD setting or the TodosConfig.default_auto_field attribute to point to a subclass of AutoField, e.g. 'django.db.models.BigAutoField'.

System check identified 1 issue (0 silenced).
April 11, 2023 - 20:21:45
Django version 4.2, using settings 'todoApp.settings'
Starting development server at http://0.0.0.0:8000/
Quit the server with CONTROL-C.

[11/Apr/2023 20:21:57] "GET /todos/ HTTP/1.1" 200 3515
[11/Apr/2023 20:21:58] "GET /static/css/style.css HTTP/1.1" 304 0
[11/Apr/2023 20:22:04] "POST /todos/add/ HTTP/1.1" 302 0
[11/Apr/2023 20:22:04] "GET /todos/ HTTP/1.1" 200 4094
